<?xml version="1.0" encoding="UTF-8"?>
<testsuite name="PlaneTest" tests="1" skipped="0" failures="0" errors="0" timestamp="2019-10-27T16:50:40" hostname="Michaels-MacBook-Pro-2.local" time="0.002">
  <properties/>
  <testcase name="testPlane" classname="PlaneTest" time="0.002"/>
  <system-out><![CDATA[]]></system-out>
  <system-err><![CDATA[]]></system-err>
</testsuite>
